[2023-10-22 16:32:24,351][darts.models.forecasting.torch_forecasting_model][INFO] - Train dataset contains 7407 samples.
[2023-10-22 16:32:24,355][darts.models.forecasting.torch_forecasting_model][INFO] - Time series values are 64-bits; casting model to float64.
[2023-10-22 16:32:24,929][pytorch_lightning.utilities.rank_zero][INFO] - GPU available: True (cuda), used: True
[2023-10-22 16:32:24,929][pytorch_lightning.utilities.rank_zero][INFO] - TPU available: False, using: 0 TPU cores
[2023-10-22 16:32:24,930][pytorch_lightning.utilities.rank_zero][INFO] - IPU available: False, using: 0 IPUs
[2023-10-22 16:32:24,930][pytorch_lightning.utilities.rank_zero][INFO] - HPU available: False, using: 0 HPUs
[2023-10-22 16:32:25,138][pytorch_lightning.accelerators.cuda][INFO] - LOCAL_RANK: 0 - CUDA_VISIBLE_DEVICES: [0]
[2023-10-22 16:32:25,151][pytorch_lightning.callbacks.model_summary][INFO] - 
  | Name          | Type             | Params
---------------------------------------------------
0 | criterion     | MSELoss          | 0     
1 | train_metrics | MetricCollection | 0     
2 | val_metrics   | MetricCollection | 0     
3 | rnn           | GRU              | 49.3 K
4 | fc            | Sequential       | 700   
---------------------------------------------------
50.0 K    Trainable params
0         Non-trainable params
50.0 K    Total params
0.200     Total estimated model params size (MB)
[2023-10-22 16:36:11,106][pytorch_lightning.utilities.rank_zero][INFO] - `Trainer.fit` stopped: `max_epochs=20` reached.
[2023-10-22 16:36:11,164][pytorch_lightning.utilities.rank_zero][INFO] - GPU available: True (cuda), used: True
[2023-10-22 16:36:11,164][pytorch_lightning.utilities.rank_zero][INFO] - TPU available: False, using: 0 TPU cores
[2023-10-22 16:36:11,165][pytorch_lightning.utilities.rank_zero][INFO] - IPU available: False, using: 0 IPUs
[2023-10-22 16:36:11,165][pytorch_lightning.utilities.rank_zero][INFO] - HPU available: False, using: 0 HPUs
[2023-10-22 16:36:11,171][pytorch_lightning.accelerators.cuda][INFO] - LOCAL_RANK: 0 - CUDA_VISIBLE_DEVICES: [0]
