[2023-10-22 16:43:54,632][darts.models.forecasting.torch_forecasting_model][INFO] - Train dataset contains 7344 samples.
[2023-10-22 16:43:54,635][darts.models.forecasting.torch_forecasting_model][INFO] - Time series values are 64-bits; casting model to float64.
[2023-10-22 16:43:54,667][pytorch_lightning.utilities.rank_zero][INFO] - GPU available: True (cuda), used: True
[2023-10-22 16:43:54,667][pytorch_lightning.utilities.rank_zero][INFO] - TPU available: False, using: 0 TPU cores
[2023-10-22 16:43:54,668][pytorch_lightning.utilities.rank_zero][INFO] - IPU available: False, using: 0 IPUs
[2023-10-22 16:43:54,668][pytorch_lightning.utilities.rank_zero][INFO] - HPU available: False, using: 0 HPUs
[2023-10-22 16:43:54,673][pytorch_lightning.accelerators.cuda][INFO] - LOCAL_RANK: 0 - CUDA_VISIBLE_DEVICES: [0]
[2023-10-22 16:43:54,686][pytorch_lightning.callbacks.model_summary][INFO] - 
  | Name          | Type             | Params
---------------------------------------------------
0 | criterion     | MSELoss          | 0     
1 | train_metrics | MetricCollection | 0     
2 | val_metrics   | MetricCollection | 0     
3 | rnn           | GRU              | 79.2 K
4 | fc            | Sequential       | 504   
---------------------------------------------------
79.7 K    Trainable params
0         Non-trainable params
79.7 K    Total params
0.319     Total estimated model params size (MB)
[2023-10-22 16:48:40,467][pytorch_lightning.utilities.rank_zero][INFO] - `Trainer.fit` stopped: `max_epochs=20` reached.
[2023-10-22 16:48:40,511][pytorch_lightning.utilities.rank_zero][INFO] - GPU available: True (cuda), used: True
[2023-10-22 16:48:40,511][pytorch_lightning.utilities.rank_zero][INFO] - TPU available: False, using: 0 TPU cores
[2023-10-22 16:48:40,512][pytorch_lightning.utilities.rank_zero][INFO] - IPU available: False, using: 0 IPUs
[2023-10-22 16:48:40,512][pytorch_lightning.utilities.rank_zero][INFO] - HPU available: False, using: 0 HPUs
[2023-10-22 16:48:40,519][pytorch_lightning.accelerators.cuda][INFO] - LOCAL_RANK: 0 - CUDA_VISIBLE_DEVICES: [0]
