[2023-10-22 16:39:09,105][darts.models.forecasting.torch_forecasting_model][INFO] - Train dataset contains 7380 samples.
[2023-10-22 16:39:09,107][darts.models.forecasting.torch_forecasting_model][INFO] - Time series values are 64-bits; casting model to float64.
[2023-10-22 16:39:09,139][pytorch_lightning.utilities.rank_zero][INFO] - GPU available: True (cuda), used: True
[2023-10-22 16:39:09,140][pytorch_lightning.utilities.rank_zero][INFO] - TPU available: False, using: 0 TPU cores
[2023-10-22 16:39:09,140][pytorch_lightning.utilities.rank_zero][INFO] - IPU available: False, using: 0 IPUs
[2023-10-22 16:39:09,140][pytorch_lightning.utilities.rank_zero][INFO] - HPU available: False, using: 0 HPUs
[2023-10-22 16:39:09,143][pytorch_lightning.accelerators.cuda][INFO] - LOCAL_RANK: 0 - CUDA_VISIBLE_DEVICES: [0]
[2023-10-22 16:39:09,145][pytorch_lightning.callbacks.model_summary][INFO] - 
  | Name          | Type             | Params
---------------------------------------------------
0 | criterion     | MSELoss          | 0     
1 | train_metrics | MetricCollection | 0     
2 | val_metrics   | MetricCollection | 0     
3 | rnn           | LSTM             | 24.1 K
4 | fc            | Sequential       | 576   
---------------------------------------------------
24.6 K    Trainable params
0         Non-trainable params
24.6 K    Total params
0.099     Total estimated model params size (MB)
[2023-10-22 16:41:11,150][pytorch_lightning.utilities.rank_zero][INFO] - `Trainer.fit` stopped: `max_epochs=20` reached.
[2023-10-22 16:41:11,205][pytorch_lightning.utilities.rank_zero][INFO] - GPU available: True (cuda), used: True
[2023-10-22 16:41:11,205][pytorch_lightning.utilities.rank_zero][INFO] - TPU available: False, using: 0 TPU cores
[2023-10-22 16:41:11,206][pytorch_lightning.utilities.rank_zero][INFO] - IPU available: False, using: 0 IPUs
[2023-10-22 16:41:11,206][pytorch_lightning.utilities.rank_zero][INFO] - HPU available: False, using: 0 HPUs
[2023-10-22 16:41:11,209][pytorch_lightning.accelerators.cuda][INFO] - LOCAL_RANK: 0 - CUDA_VISIBLE_DEVICES: [0]
